<?xml version="1.0" encoding="UTF-8"?>
<testsuite xmlns:xsi="http://www.w3.org/2001/XMLSchema-instance" xsi:noNamespaceSchemaLocation="https://maven.apache.org/surefire/maven-surefire-plugin/xsd/surefire-test-report.xsd" name="com.wzh.MyblogApplicationTests" time="5.998" tests="1" errors="0" skipped="0" failures="0">
  <properties>
    <property name="sun.desktop" value="windows"/>
    <property name="awt.toolkit" value="sun.awt.windows.WToolkit"/>
    <property name="file.encoding.pkg" value="sun.io"/>
    <property name="java.specification.version" value="1.8"/>
    <property name="sun.cpu.isalist" value="amd64"/>
    <property name="sun.jnu.encoding" value="GBK"/>
    <property name="java.class.path" value="D:\workspace\个人博客\myblog\target\test-classes;D:\workspace\个人博客\myblog\target\classes;D:\tts9\tts9\repository\org\springframework\boot\spring-boot-starter-web\2.2.4.RELEASE\spring-boot-starter-web-2.2.4.RELEASE.jar;D:\tts9\tts9\repository\org\springframework\boot\spring-boot-starter\2.2.4.RELEASE\spring-boot-starter-2.2.4.RELEASE.jar;D:\tts9\tts9\repository\org\springframework\boot\spring-boot\2.2.4.RELEASE\spring-boot-2.2.4.RELEASE.jar;D:\tts9\tts9\repository\org\springframework\boot\spring-boot-autoconfigure\2.2.4.RELEASE\spring-boot-autoconfigure-2.2.4.RELEASE.jar;D:\tts9\tts9\repository\org\springframework\boot\spring-boot-starter-logging\2.2.4.RELEASE\spring-boot-starter-logging-2.2.4.RELEASE.jar;D:\tts9\tts9\repository\ch\qos\logback\logback-classic\1.2.3\logback-classic-1.2.3.jar;D:\tts9\tts9\repository\ch\qos\logback\logback-core\1.2.3\logback-core-1.2.3.jar;D:\tts9\tts9\repository\org\apache\logging\log4j\log4j-to-slf4j\2.12.1\log4j-to-slf4j-2.12.1.jar;D:\tts9\tts9\repository\org\apache\logging\log4j\log4j-api\2.12.1\log4j-api-2.12.1.jar;D:\tts9\tts9\repository\org\slf4j\jul-to-slf4j\1.7.30\jul-to-slf4j-1.7.30.jar;D:\tts9\tts9\repository\org\yaml\snakeyaml\1.25\snakeyaml-1.25.jar;D:\tts9\tts9\repository\org\springframework\boot\spring-boot-starter-json\2.2.4.RELEASE\spring-boot-starter-json-2.2.4.RELEASE.jar;D:\tts9\tts9\repository\com\fasterxml\jackson\core\jackson-databind\2.10.2\jackson-databind-2.10.2.jar;D:\tts9\tts9\repository\com\fasterxml\jackson\core\jackson-core\2.10.2\jackson-core-2.10.2.jar;D:\tts9\tts9\repository\com\fasterxml\jackson\datatype\jackson-datatype-jdk8\2.10.2\jackson-datatype-jdk8-2.10.2.jar;D:\tts9\tts9\repository\com\fasterxml\jackson\datatype\jackson-datatype-jsr310\2.10.2\jackson-datatype-jsr310-2.10.2.jar;D:\tts9\tts9\repository\com\fasterxml\jackson\module\jackson-module-parameter-names\2.10.2\jackson-module-parameter-names-2.10.2.jar;D:\tts9\tts9\repository\org\springframework\boot\spring-boot-starter-validation\2.2.4.RELEASE\spring-boot-starter-validation-2.2.4.RELEASE.jar;D:\tts9\tts9\repository\jakarta\validation\jakarta.validation-api\2.0.2\jakarta.validation-api-2.0.2.jar;D:\tts9\tts9\repository\org\hibernate\validator\hibernate-validator\6.0.18.Final\hibernate-validator-6.0.18.Final.jar;D:\tts9\tts9\repository\org\jboss\logging\jboss-logging\3.4.1.Final\jboss-logging-3.4.1.Final.jar;D:\tts9\tts9\repository\org\springframework\spring-web\5.2.3.RELEASE\spring-web-5.2.3.RELEASE.jar;D:\tts9\tts9\repository\org\springframework\spring-beans\5.2.3.RELEASE\spring-beans-5.2.3.RELEASE.jar;D:\tts9\tts9\repository\org\springframework\spring-webmvc\5.2.3.RELEASE\spring-webmvc-5.2.3.RELEASE.jar;D:\tts9\tts9\repository\org\springframework\spring-aop\5.2.3.RELEASE\spring-aop-5.2.3.RELEASE.jar;D:\tts9\tts9\repository\org\springframework\spring-context\5.2.3.RELEASE\spring-context-5.2.3.RELEASE.jar;D:\tts9\tts9\repository\org\springframework\spring-expression\5.2.3.RELEASE\spring-expression-5.2.3.RELEASE.jar;D:\tts9\tts9\repository\org\springframework\boot\spring-boot-starter-tomcat\2.2.4.RELEASE\spring-boot-starter-tomcat-2.2.4.RELEASE.jar;D:\tts9\tts9\repository\jakarta\annotation\jakarta.annotation-api\1.3.5\jakarta.annotation-api-1.3.5.jar;D:\tts9\tts9\repository\org\apache\tomcat\embed\tomcat-embed-core\9.0.30\tomcat-embed-core-9.0.30.jar;D:\tts9\tts9\repository\org\apache\tomcat\embed\tomcat-embed-el\9.0.30\tomcat-embed-el-9.0.30.jar;D:\tts9\tts9\repository\org\apache\tomcat\embed\tomcat-embed-websocket\9.0.30\tomcat-embed-websocket-9.0.30.jar;D:\tts9\tts9\repository\org\springframework\boot\spring-boot-starter-data-redis\2.2.4.RELEASE\spring-boot-starter-data-redis-2.2.4.RELEASE.jar;D:\tts9\tts9\repository\org\springframework\data\spring-data-redis\2.2.4.RELEASE\spring-data-redis-2.2.4.RELEASE.jar;D:\tts9\tts9\repository\org\springframework\data\spring-data-keyvalue\2.2.4.RELEASE\spring-data-keyvalue-2.2.4.RELEASE.jar;D:\tts9\tts9\repository\org\springframework\data\spring-data-commons\2.2.4.RELEASE\spring-data-commons-2.2.4.RELEASE.jar;D:\tts9\tts9\repository\org\springframework\spring-tx\5.2.3.RELEASE\spring-tx-5.2.3.RELEASE.jar;D:\tts9\tts9\repository\org\springframework\spring-oxm\5.2.3.RELEASE\spring-oxm-5.2.3.RELEASE.jar;D:\tts9\tts9\repository\org\springframework\spring-context-support\5.2.3.RELEASE\spring-context-support-5.2.3.RELEASE.jar;D:\tts9\tts9\repository\io\lettuce\lettuce-core\5.2.1.RELEASE\lettuce-core-5.2.1.RELEASE.jar;D:\tts9\tts9\repository\io\netty\netty-common\4.1.45.Final\netty-common-4.1.45.Final.jar;D:\tts9\tts9\repository\io\netty\netty-handler\4.1.45.Final\netty-handler-4.1.45.Final.jar;D:\tts9\tts9\repository\io\netty\netty-buffer\4.1.45.Final\netty-buffer-4.1.45.Final.jar;D:\tts9\tts9\repository\io\netty\netty-codec\4.1.45.Final\netty-codec-4.1.45.Final.jar;D:\tts9\tts9\repository\io\netty\netty-transport\4.1.45.Final\netty-transport-4.1.45.Final.jar;D:\tts9\tts9\repository\io\netty\netty-resolver\4.1.45.Final\netty-resolver-4.1.45.Final.jar;D:\tts9\tts9\repository\io\projectreactor\reactor-core\3.3.2.RELEASE\reactor-core-3.3.2.RELEASE.jar;D:\tts9\tts9\repository\org\reactivestreams\reactive-streams\1.0.3\reactive-streams-1.0.3.jar;D:\tts9\tts9\repository\org\mybatis\spring\boot\mybatis-spring-boot-starter\2.1.1\mybatis-spring-boot-starter-2.1.1.jar;D:\tts9\tts9\repository\org\springframework\boot\spring-boot-starter-jdbc\2.2.4.RELEASE\spring-boot-starter-jdbc-2.2.4.RELEASE.jar;D:\tts9\tts9\repository\com\zaxxer\HikariCP\3.4.2\HikariCP-3.4.2.jar;D:\tts9\tts9\repository\org\springframework\spring-jdbc\5.2.3.RELEASE\spring-jdbc-5.2.3.RELEASE.jar;D:\tts9\tts9\repository\org\mybatis\spring\boot\mybatis-spring-boot-autoconfigure\2.1.1\mybatis-spring-boot-autoconfigure-2.1.1.jar;D:\tts9\tts9\repository\org\mybatis\mybatis\3.5.3\mybatis-3.5.3.jar;D:\tts9\tts9\repository\org\mybatis\mybatis-spring\2.0.3\mybatis-spring-2.0.3.jar;D:\tts9\tts9\repository\mysql\mysql-connector-java\8.0.19\mysql-connector-java-8.0.19.jar;D:\tts9\tts9\repository\org\springframework\boot\spring-boot-starter-test\2.2.4.RELEASE\spring-boot-starter-test-2.2.4.RELEASE.jar;D:\tts9\tts9\repository\org\springframework\boot\spring-boot-test\2.2.4.RELEASE\spring-boot-test-2.2.4.RELEASE.jar;D:\tts9\tts9\repository\org\springframework\boot\spring-boot-test-autoconfigure\2.2.4.RELEASE\spring-boot-test-autoconfigure-2.2.4.RELEASE.jar;D:\tts9\tts9\repository\com\jayway\jsonpath\json-path\2.4.0\json-path-2.4.0.jar;D:\tts9\tts9\repository\net\minidev\json-smart\2.3\json-smart-2.3.jar;D:\tts9\tts9\repository\net\minidev\accessors-smart\1.2\accessors-smart-1.2.jar;D:\tts9\tts9\repository\org\ow2\asm\asm\5.0.4\asm-5.0.4.jar;D:\tts9\tts9\repository\jakarta\xml\bind\jakarta.xml.bind-api\2.3.2\jakarta.xml.bind-api-2.3.2.jar;D:\tts9\tts9\repository\jakarta\activation\jakarta.activation-api\1.2.1\jakarta.activation-api-1.2.1.jar;D:\tts9\tts9\repository\org\junit\jupiter\junit-jupiter\5.5.2\junit-jupiter-5.5.2.jar;D:\tts9\tts9\repository\org\junit\jupiter\junit-jupiter-api\5.5.2\junit-jupiter-api-5.5.2.jar;D:\tts9\tts9\repository\org\apiguardian\apiguardian-api\1.1.0\apiguardian-api-1.1.0.jar;D:\tts9\tts9\repository\org\opentest4j\opentest4j\1.2.0\opentest4j-1.2.0.jar;D:\tts9\tts9\repository\org\junit\platform\junit-platform-commons\1.5.2\junit-platform-commons-1.5.2.jar;D:\tts9\tts9\repository\org\junit\jupiter\junit-jupiter-params\5.5.2\junit-jupiter-params-5.5.2.jar;D:\tts9\tts9\repository\org\junit\jupiter\junit-jupiter-engine\5.5.2\junit-jupiter-engine-5.5.2.jar;D:\tts9\tts9\repository\org\junit\platform\junit-platform-engine\1.5.2\junit-platform-engine-1.5.2.jar;D:\tts9\tts9\repository\org\mockito\mockito-junit-jupiter\3.1.0\mockito-junit-jupiter-3.1.0.jar;D:\tts9\tts9\repository\org\assertj\assertj-core\3.13.2\assertj-core-3.13.2.jar;D:\tts9\tts9\repository\org\hamcrest\hamcrest\2.1\hamcrest-2.1.jar;D:\tts9\tts9\repository\org\mockito\mockito-core\3.1.0\mockito-core-3.1.0.jar;D:\tts9\tts9\repository\net\bytebuddy\byte-buddy\1.10.6\byte-buddy-1.10.6.jar;D:\tts9\tts9\repository\net\bytebuddy\byte-buddy-agent\1.10.6\byte-buddy-agent-1.10.6.jar;D:\tts9\tts9\repository\org\objenesis\objenesis\2.6\objenesis-2.6.jar;D:\tts9\tts9\repository\org\skyscreamer\jsonassert\1.5.0\jsonassert-1.5.0.jar;D:\tts9\tts9\repository\com\vaadin\external\google\android-json\0.0.20131108.vaadin1\android-json-0.0.20131108.vaadin1.jar;D:\tts9\tts9\repository\org\springframework\spring-core\5.2.3.RELEASE\spring-core-5.2.3.RELEASE.jar;D:\tts9\tts9\repository\org\springframework\spring-jcl\5.2.3.RELEASE\spring-jcl-5.2.3.RELEASE.jar;D:\tts9\tts9\repository\org\springframework\spring-test\5.2.3.RELEASE\spring-test-5.2.3.RELEASE.jar;D:\tts9\tts9\repository\org\xmlunit\xmlunit-core\2.6.3\xmlunit-core-2.6.3.jar;D:\tts9\tts9\repository\org\apache\shiro\shiro-spring\1.4.0\shiro-spring-1.4.0.jar;D:\tts9\tts9\repository\org\apache\shiro\shiro-core\1.4.0\shiro-core-1.4.0.jar;D:\tts9\tts9\repository\org\apache\shiro\shiro-lang\1.4.0\shiro-lang-1.4.0.jar;D:\tts9\tts9\repository\org\apache\shiro\shiro-cache\1.4.0\shiro-cache-1.4.0.jar;D:\tts9\tts9\repository\org\apache\shiro\shiro-crypto-hash\1.4.0\shiro-crypto-hash-1.4.0.jar;D:\tts9\tts9\repository\org\apache\shiro\shiro-crypto-core\1.4.0\shiro-crypto-core-1.4.0.jar;D:\tts9\tts9\repository\org\apache\shiro\shiro-crypto-cipher\1.4.0\shiro-crypto-cipher-1.4.0.jar;D:\tts9\tts9\repository\org\apache\shiro\shiro-config-core\1.4.0\shiro-config-core-1.4.0.jar;D:\tts9\tts9\repository\org\apache\shiro\shiro-config-ogdl\1.4.0\shiro-config-ogdl-1.4.0.jar;D:\tts9\tts9\repository\org\apache\shiro\shiro-event\1.4.0\shiro-event-1.4.0.jar;D:\tts9\tts9\repository\org\apache\shiro\shiro-web\1.4.0\shiro-web-1.4.0.jar;D:\tts9\tts9\repository\org\crazycake\shiro-redis\3.1.0\shiro-redis-3.1.0.jar;D:\tts9\tts9\repository\redis\clients\jedis\3.1.0\jedis-3.1.0.jar;D:\tts9\tts9\repository\org\apache\commons\commons-pool2\2.7.0\commons-pool2-2.7.0.jar;D:\tts9\tts9\repository\org\slf4j\slf4j-api\1.7.30\slf4j-api-1.7.30.jar;D:\tts9\tts9\repository\com\puppycrawl\tools\checkstyle\8.3\checkstyle-8.3.jar;D:\tts9\tts9\repository\antlr\antlr\2.7.7\antlr-2.7.7.jar;D:\tts9\tts9\repository\org\antlr\antlr4-runtime\4.7\antlr4-runtime-4.7.jar;D:\tts9\tts9\repository\commons-beanutils\commons-beanutils\1.9.3\commons-beanutils-1.9.3.jar;D:\tts9\tts9\repository\commons-logging\commons-logging\1.2\commons-logging-1.2.jar;D:\tts9\tts9\repository\commons-collections\commons-collections\3.2.2\commons-collections-3.2.2.jar;D:\tts9\tts9\repository\commons-cli\commons-cli\1.4\commons-cli-1.4.jar;D:\tts9\tts9\repository\net\sf\saxon\Saxon-HE\9.8.0-4\Saxon-HE-9.8.0-4.jar;D:\tts9\tts9\jdk1.8.0_161\jre\..\lib\tools.jar;D:\tts9\tts9\repository\org\projectlombok\lombok\1.18.12\lombok-1.18.12.jar;D:\tts9\tts9\repository\io\springfox\springfox-swagger2\2.7.0\springfox-swagger2-2.7.0.jar;D:\tts9\tts9\repository\io\swagger\swagger-annotations\1.5.13\swagger-annotations-1.5.13.jar;D:\tts9\tts9\repository\io\swagger\swagger-models\1.5.13\swagger-models-1.5.13.jar;D:\tts9\tts9\repository\com\fasterxml\jackson\core\jackson-annotations\2.10.2\jackson-annotations-2.10.2.jar;D:\tts9\tts9\repository\io\springfox\springfox-spi\2.7.0\springfox-spi-2.7.0.jar;D:\tts9\tts9\repository\io\springfox\springfox-core\2.7.0\springfox-core-2.7.0.jar;D:\tts9\tts9\repository\io\springfox\springfox-schema\2.7.0\springfox-schema-2.7.0.jar;D:\tts9\tts9\repository\io\springfox\springfox-swagger-common\2.7.0\springfox-swagger-common-2.7.0.jar;D:\tts9\tts9\repository\io\springfox\springfox-spring-web\2.7.0\springfox-spring-web-2.7.0.jar;D:\tts9\tts9\repository\org\reflections\reflections\0.9.11\reflections-0.9.11.jar;D:\tts9\tts9\repository\org\javassist\javassist\3.21.0-GA\javassist-3.21.0-GA.jar;D:\tts9\tts9\repository\com\google\guava\guava\18.0\guava-18.0.jar;D:\tts9\tts9\repository\com\fasterxml\classmate\1.5.1\classmate-1.5.1.jar;D:\tts9\tts9\repository\org\springframework\plugin\spring-plugin-core\1.2.0.RELEASE\spring-plugin-core-1.2.0.RELEASE.jar;D:\tts9\tts9\repository\org\springframework\plugin\spring-plugin-metadata\1.2.0.RELEASE\spring-plugin-metadata-1.2.0.RELEASE.jar;D:\tts9\tts9\repository\org\mapstruct\mapstruct\1.1.0.Final\mapstruct-1.1.0.Final.jar;D:\tts9\tts9\repository\io\springfox\springfox-swagger-ui\2.7.0\springfox-swagger-ui-2.7.0.jar;D:\tts9\tts9\repository\com\tencentcloudapi\tencentcloud-sdk-java\3.0.112\tencentcloud-sdk-java-3.0.112.jar;D:\tts9\tts9\repository\com\squareup\okhttp\okhttp\2.5.0\okhttp-2.5.0.jar;D:\tts9\tts9\repository\com\squareup\okio\okio\1.6.0\okio-1.6.0.jar;D:\tts9\tts9\repository\com\google\code\gson\gson\2.8.6\gson-2.8.6.jar;D:\tts9\tts9\repository\javax\xml\bind\jaxb-api\2.3.1\jaxb-api-2.3.1.jar;D:\tts9\tts9\repository\javax\activation\javax.activation-api\1.2.0\javax.activation-api-1.2.0.jar;"/>
    <property name="java.vm.vendor" value="Oracle Corporation"/>
    <property name="sun.arch.data.model" value="64"/>
    <property name="user.variant" value=""/>
    <property name="java.vendor.url" value="http://java.oracle.com/"/>
    <property name="user.timezone" value="Asia/Shanghai"/>
    <property name="java.vm.specification.version" value="1.8"/>
    <property name="os.name" value="Windows 10"/>
    <property name="user.country" value="CN"/>
    <property name="sun.java.launcher" value="SUN_STANDARD"/>
    <property name="sun.boot.library.path" value="D:\tts9\tts9\jdk1.8.0_161\jre\bin"/>
    <property name="sun.java.command" value="C:\Users\chenx\AppData\Local\Temp\surefire1585000399926964843\surefirebooter5982329034101744508.jar C:\Users\chenx\AppData\Local\Temp\surefire1585000399926964843 2020-03-31T23-17-50_455-jvmRun1 surefire1977255100213012526tmp surefire_0759332823013623543tmp"/>
    <property name="surefire.test.class.path" value="D:\workspace\个人博客\myblog\target\test-classes;D:\workspace\个人博客\myblog\target\classes;D:\tts9\tts9\repository\org\springframework\boot\spring-boot-starter-web\2.2.4.RELEASE\spring-boot-starter-web-2.2.4.RELEASE.jar;D:\tts9\tts9\repository\org\springframework\boot\spring-boot-starter\2.2.4.RELEASE\spring-boot-starter-2.2.4.RELEASE.jar;D:\tts9\tts9\repository\org\springframework\boot\spring-boot\2.2.4.RELEASE\spring-boot-2.2.4.RELEASE.jar;D:\tts9\tts9\repository\org\springframework\boot\spring-boot-autoconfigure\2.2.4.RELEASE\spring-boot-autoconfigure-2.2.4.RELEASE.jar;D:\tts9\tts9\repository\org\springframework\boot\spring-boot-starter-logging\2.2.4.RELEASE\spring-boot-starter-logging-2.2.4.RELEASE.jar;D:\tts9\tts9\repository\ch\qos\logback\logback-classic\1.2.3\logback-classic-1.2.3.jar;D:\tts9\tts9\repository\ch\qos\logback\logback-core\1.2.3\logback-core-1.2.3.jar;D:\tts9\tts9\repository\org\apache\logging\log4j\log4j-to-slf4j\2.12.1\log4j-to-slf4j-2.12.1.jar;D:\tts9\tts9\repository\org\apache\logging\log4j\log4j-api\2.12.1\log4j-api-2.12.1.jar;D:\tts9\tts9\repository\org\slf4j\jul-to-slf4j\1.7.30\jul-to-slf4j-1.7.30.jar;D:\tts9\tts9\repository\org\yaml\snakeyaml\1.25\snakeyaml-1.25.jar;D:\tts9\tts9\repository\org\springframework\boot\spring-boot-starter-json\2.2.4.RELEASE\spring-boot-starter-json-2.2.4.RELEASE.jar;D:\tts9\tts9\repository\com\fasterxml\jackson\core\jackson-databind\2.10.2\jackson-databind-2.10.2.jar;D:\tts9\tts9\repository\com\fasterxml\jackson\core\jackson-core\2.10.2\jackson-core-2.10.2.jar;D:\tts9\tts9\repository\com\fasterxml\jackson\datatype\jackson-datatype-jdk8\2.10.2\jackson-datatype-jdk8-2.10.2.jar;D:\tts9\tts9\repository\com\fasterxml\jackson\datatype\jackson-datatype-jsr310\2.10.2\jackson-datatype-jsr310-2.10.2.jar;D:\tts9\tts9\repository\com\fasterxml\jackson\module\jackson-module-parameter-names\2.10.2\jackson-module-parameter-names-2.10.2.jar;D:\tts9\tts9\repository\org\springframework\boot\spring-boot-starter-validation\2.2.4.RELEASE\spring-boot-starter-validation-2.2.4.RELEASE.jar;D:\tts9\tts9\repository\jakarta\validation\jakarta.validation-api\2.0.2\jakarta.validation-api-2.0.2.jar;D:\tts9\tts9\repository\org\hibernate\validator\hibernate-validator\6.0.18.Final\hibernate-validator-6.0.18.Final.jar;D:\tts9\tts9\repository\org\jboss\logging\jboss-logging\3.4.1.Final\jboss-logging-3.4.1.Final.jar;D:\tts9\tts9\repository\org\springframework\spring-web\5.2.3.RELEASE\spring-web-5.2.3.RELEASE.jar;D:\tts9\tts9\repository\org\springframework\spring-beans\5.2.3.RELEASE\spring-beans-5.2.3.RELEASE.jar;D:\tts9\tts9\repository\org\springframework\spring-webmvc\5.2.3.RELEASE\spring-webmvc-5.2.3.RELEASE.jar;D:\tts9\tts9\repository\org\springframework\spring-aop\5.2.3.RELEASE\spring-aop-5.2.3.RELEASE.jar;D:\tts9\tts9\repository\org\springframework\spring-context\5.2.3.RELEASE\spring-context-5.2.3.RELEASE.jar;D:\tts9\tts9\repository\org\springframework\spring-expression\5.2.3.RELEASE\spring-expression-5.2.3.RELEASE.jar;D:\tts9\tts9\repository\org\springframework\boot\spring-boot-starter-tomcat\2.2.4.RELEASE\spring-boot-starter-tomcat-2.2.4.RELEASE.jar;D:\tts9\tts9\repository\jakarta\annotation\jakarta.annotation-api\1.3.5\jakarta.annotation-api-1.3.5.jar;D:\tts9\tts9\repository\org\apache\tomcat\embed\tomcat-embed-core\9.0.30\tomcat-embed-core-9.0.30.jar;D:\tts9\tts9\repository\org\apache\tomcat\embed\tomcat-embed-el\9.0.30\tomcat-embed-el-9.0.30.jar;D:\tts9\tts9\repository\org\apache\tomcat\embed\tomcat-embed-websocket\9.0.30\tomcat-embed-websocket-9.0.30.jar;D:\tts9\tts9\repository\org\springframework\boot\spring-boot-starter-data-redis\2.2.4.RELEASE\spring-boot-starter-data-redis-2.2.4.RELEASE.jar;D:\tts9\tts9\repository\org\springframework\data\spring-data-redis\2.2.4.RELEASE\spring-data-redis-2.2.4.RELEASE.jar;D:\tts9\tts9\repository\org\springframework\data\spring-data-keyvalue\2.2.4.RELEASE\spring-data-keyvalue-2.2.4.RELEASE.jar;D:\tts9\tts9\repository\org\springframework\data\spring-data-commons\2.2.4.RELEASE\spring-data-commons-2.2.4.RELEASE.jar;D:\tts9\tts9\repository\org\springframework\spring-tx\5.2.3.RELEASE\spring-tx-5.2.3.RELEASE.jar;D:\tts9\tts9\repository\org\springframework\spring-oxm\5.2.3.RELEASE\spring-oxm-5.2.3.RELEASE.jar;D:\tts9\tts9\repository\org\springframework\spring-context-support\5.2.3.RELEASE\spring-context-support-5.2.3.RELEASE.jar;D:\tts9\tts9\repository\io\lettuce\lettuce-core\5.2.1.RELEASE\lettuce-core-5.2.1.RELEASE.jar;D:\tts9\tts9\repository\io\netty\netty-common\4.1.45.Final\netty-common-4.1.45.Final.jar;D:\tts9\tts9\repository\io\netty\netty-handler\4.1.45.Final\netty-handler-4.1.45.Final.jar;D:\tts9\tts9\repository\io\netty\netty-buffer\4.1.45.Final\netty-buffer-4.1.45.Final.jar;D:\tts9\tts9\repository\io\netty\netty-codec\4.1.45.Final\netty-codec-4.1.45.Final.jar;D:\tts9\tts9\repository\io\netty\netty-transport\4.1.45.Final\netty-transport-4.1.45.Final.jar;D:\tts9\tts9\repository\io\netty\netty-resolver\4.1.45.Final\netty-resolver-4.1.45.Final.jar;D:\tts9\tts9\repository\io\projectreactor\reactor-core\3.3.2.RELEASE\reactor-core-3.3.2.RELEASE.jar;D:\tts9\tts9\repository\org\reactivestreams\reactive-streams\1.0.3\reactive-streams-1.0.3.jar;D:\tts9\tts9\repository\org\mybatis\spring\boot\mybatis-spring-boot-starter\2.1.1\mybatis-spring-boot-starter-2.1.1.jar;D:\tts9\tts9\repository\org\springframework\boot\spring-boot-starter-jdbc\2.2.4.RELEASE\spring-boot-starter-jdbc-2.2.4.RELEASE.jar;D:\tts9\tts9\repository\com\zaxxer\HikariCP\3.4.2\HikariCP-3.4.2.jar;D:\tts9\tts9\repository\org\springframework\spring-jdbc\5.2.3.RELEASE\spring-jdbc-5.2.3.RELEASE.jar;D:\tts9\tts9\repository\org\mybatis\spring\boot\mybatis-spring-boot-autoconfigure\2.1.1\mybatis-spring-boot-autoconfigure-2.1.1.jar;D:\tts9\tts9\repository\org\mybatis\mybatis\3.5.3\mybatis-3.5.3.jar;D:\tts9\tts9\repository\org\mybatis\mybatis-spring\2.0.3\mybatis-spring-2.0.3.jar;D:\tts9\tts9\repository\mysql\mysql-connector-java\8.0.19\mysql-connector-java-8.0.19.jar;D:\tts9\tts9\repository\org\springframework\boot\spring-boot-starter-test\2.2.4.RELEASE\spring-boot-starter-test-2.2.4.RELEASE.jar;D:\tts9\tts9\repository\org\springframework\boot\spring-boot-test\2.2.4.RELEASE\spring-boot-test-2.2.4.RELEASE.jar;D:\tts9\tts9\repository\org\springframework\boot\spring-boot-test-autoconfigure\2.2.4.RELEASE\spring-boot-test-autoconfigure-2.2.4.RELEASE.jar;D:\tts9\tts9\repository\com\jayway\jsonpath\json-path\2.4.0\json-path-2.4.0.jar;D:\tts9\tts9\repository\net\minidev\json-smart\2.3\json-smart-2.3.jar;D:\tts9\tts9\repository\net\minidev\accessors-smart\1.2\accessors-smart-1.2.jar;D:\tts9\tts9\repository\org\ow2\asm\asm\5.0.4\asm-5.0.4.jar;D:\tts9\tts9\repository\jakarta\xml\bind\jakarta.xml.bind-api\2.3.2\jakarta.xml.bind-api-2.3.2.jar;D:\tts9\tts9\repository\jakarta\activation\jakarta.activation-api\1.2.1\jakarta.activation-api-1.2.1.jar;D:\tts9\tts9\repository\org\junit\jupiter\junit-jupiter\5.5.2\junit-jupiter-5.5.2.jar;D:\tts9\tts9\repository\org\junit\jupiter\junit-jupiter-api\5.5.2\junit-jupiter-api-5.5.2.jar;D:\tts9\tts9\repository\org\apiguardian\apiguardian-api\1.1.0\apiguardian-api-1.1.0.jar;D:\tts9\tts9\repository\org\opentest4j\opentest4j\1.2.0\opentest4j-1.2.0.jar;D:\tts9\tts9\repository\org\junit\platform\junit-platform-commons\1.5.2\junit-platform-commons-1.5.2.jar;D:\tts9\tts9\repository\org\junit\jupiter\junit-jupiter-params\5.5.2\junit-jupiter-params-5.5.2.jar;D:\tts9\tts9\repository\org\junit\jupiter\junit-jupiter-engine\5.5.2\junit-jupiter-engine-5.5.2.jar;D:\tts9\tts9\repository\org\junit\platform\junit-platform-engine\1.5.2\junit-platform-engine-1.5.2.jar;D:\tts9\tts9\repository\org\mockito\mockito-junit-jupiter\3.1.0\mockito-junit-jupiter-3.1.0.jar;D:\tts9\tts9\repository\org\assertj\assertj-core\3.13.2\assertj-core-3.13.2.jar;D:\tts9\tts9\repository\org\hamcrest\hamcrest\2.1\hamcrest-2.1.jar;D:\tts9\tts9\repository\org\mockito\mockito-core\3.1.0\mockito-core-3.1.0.jar;D:\tts9\tts9\repository\net\bytebuddy\byte-buddy\1.10.6\byte-buddy-1.10.6.jar;D:\tts9\tts9\repository\net\bytebuddy\byte-buddy-agent\1.10.6\byte-buddy-agent-1.10.6.jar;D:\tts9\tts9\repository\org\objenesis\objenesis\2.6\objenesis-2.6.jar;D:\tts9\tts9\repository\org\skyscreamer\jsonassert\1.5.0\jsonassert-1.5.0.jar;D:\tts9\tts9\repository\com\vaadin\external\google\android-json\0.0.20131108.vaadin1\android-json-0.0.20131108.vaadin1.jar;D:\tts9\tts9\repository\org\springframework\spring-core\5.2.3.RELEASE\spring-core-5.2.3.RELEASE.jar;D:\tts9\tts9\repository\org\springframework\spring-jcl\5.2.3.RELEASE\spring-jcl-5.2.3.RELEASE.jar;D:\tts9\tts9\repository\org\springframework\spring-test\5.2.3.RELEASE\spring-test-5.2.3.RELEASE.jar;D:\tts9\tts9\repository\org\xmlunit\xmlunit-core\2.6.3\xmlunit-core-2.6.3.jar;D:\tts9\tts9\repository\org\apache\shiro\shiro-spring\1.4.0\shiro-spring-1.4.0.jar;D:\tts9\tts9\repository\org\apache\shiro\shiro-core\1.4.0\shiro-core-1.4.0.jar;D:\tts9\tts9\repository\org\apache\shiro\shiro-lang\1.4.0\shiro-lang-1.4.0.jar;D:\tts9\tts9\repository\org\apache\shiro\shiro-cache\1.4.0\shiro-cache-1.4.0.jar;D:\tts9\tts9\repository\org\apache\shiro\shiro-crypto-hash\1.4.0\shiro-crypto-hash-1.4.0.jar;D:\tts9\tts9\repository\org\apache\shiro\shiro-crypto-core\1.4.0\shiro-crypto-core-1.4.0.jar;D:\tts9\tts9\repository\org\apache\shiro\shiro-crypto-cipher\1.4.0\shiro-crypto-cipher-1.4.0.jar;D:\tts9\tts9\repository\org\apache\shiro\shiro-config-core\1.4.0\shiro-config-core-1.4.0.jar;D:\tts9\tts9\repository\org\apache\shiro\shiro-config-ogdl\1.4.0\shiro-config-ogdl-1.4.0.jar;D:\tts9\tts9\repository\org\apache\shiro\shiro-event\1.4.0\shiro-event-1.4.0.jar;D:\tts9\tts9\repository\org\apache\shiro\shiro-web\1.4.0\shiro-web-1.4.0.jar;D:\tts9\tts9\repository\org\crazycake\shiro-redis\3.1.0\shiro-redis-3.1.0.jar;D:\tts9\tts9\repository\redis\clients\jedis\3.1.0\jedis-3.1.0.jar;D:\tts9\tts9\repository\org\apache\commons\commons-pool2\2.7.0\commons-pool2-2.7.0.jar;D:\tts9\tts9\repository\org\slf4j\slf4j-api\1.7.30\slf4j-api-1.7.30.jar;D:\tts9\tts9\repository\com\puppycrawl\tools\checkstyle\8.3\checkstyle-8.3.jar;D:\tts9\tts9\repository\antlr\antlr\2.7.7\antlr-2.7.7.jar;D:\tts9\tts9\repository\org\antlr\antlr4-runtime\4.7\antlr4-runtime-4.7.jar;D:\tts9\tts9\repository\commons-beanutils\commons-beanutils\1.9.3\commons-beanutils-1.9.3.jar;D:\tts9\tts9\repository\commons-logging\commons-logging\1.2\commons-logging-1.2.jar;D:\tts9\tts9\repository\commons-collections\commons-collections\3.2.2\commons-collections-3.2.2.jar;D:\tts9\tts9\repository\commons-cli\commons-cli\1.4\commons-cli-1.4.jar;D:\tts9\tts9\repository\net\sf\saxon\Saxon-HE\9.8.0-4\Saxon-HE-9.8.0-4.jar;D:\tts9\tts9\jdk1.8.0_161\jre\..\lib\tools.jar;D:\tts9\tts9\repository\org\projectlombok\lombok\1.18.12\lombok-1.18.12.jar;D:\tts9\tts9\repository\io\springfox\springfox-swagger2\2.7.0\springfox-swagger2-2.7.0.jar;D:\tts9\tts9\repository\io\swagger\swagger-annotations\1.5.13\swagger-annotations-1.5.13.jar;D:\tts9\tts9\repository\io\swagger\swagger-models\1.5.13\swagger-models-1.5.13.jar;D:\tts9\tts9\repository\com\fasterxml\jackson\core\jackson-annotations\2.10.2\jackson-annotations-2.10.2.jar;D:\tts9\tts9\repository\io\springfox\springfox-spi\2.7.0\springfox-spi-2.7.0.jar;D:\tts9\tts9\repository\io\springfox\springfox-core\2.7.0\springfox-core-2.7.0.jar;D:\tts9\tts9\repository\io\springfox\springfox-schema\2.7.0\springfox-schema-2.7.0.jar;D:\tts9\tts9\repository\io\springfox\springfox-swagger-common\2.7.0\springfox-swagger-common-2.7.0.jar;D:\tts9\tts9\repository\io\springfox\springfox-spring-web\2.7.0\springfox-spring-web-2.7.0.jar;D:\tts9\tts9\repository\org\reflections\reflections\0.9.11\reflections-0.9.11.jar;D:\tts9\tts9\repository\org\javassist\javassist\3.21.0-GA\javassist-3.21.0-GA.jar;D:\tts9\tts9\repository\com\google\guava\guava\18.0\guava-18.0.jar;D:\tts9\tts9\repository\com\fasterxml\classmate\1.5.1\classmate-1.5.1.jar;D:\tts9\tts9\repository\org\springframework\plugin\spring-plugin-core\1.2.0.RELEASE\spring-plugin-core-1.2.0.RELEASE.jar;D:\tts9\tts9\repository\org\springframework\plugin\spring-plugin-metadata\1.2.0.RELEASE\spring-plugin-metadata-1.2.0.RELEASE.jar;D:\tts9\tts9\repository\org\mapstruct\mapstruct\1.1.0.Final\mapstruct-1.1.0.Final.jar;D:\tts9\tts9\repository\io\springfox\springfox-swagger-ui\2.7.0\springfox-swagger-ui-2.7.0.jar;D:\tts9\tts9\repository\com\tencentcloudapi\tencentcloud-sdk-java\3.0.112\tencentcloud-sdk-java-3.0.112.jar;D:\tts9\tts9\repository\com\squareup\okhttp\okhttp\2.5.0\okhttp-2.5.0.jar;D:\tts9\tts9\repository\com\squareup\okio\okio\1.6.0\okio-1.6.0.jar;D:\tts9\tts9\repository\com\google\code\gson\gson\2.8.6\gson-2.8.6.jar;D:\tts9\tts9\repository\javax\xml\bind\jaxb-api\2.3.1\jaxb-api-2.3.1.jar;D:\tts9\tts9\repository\javax\activation\javax.activation-api\1.2.0\javax.activation-api-1.2.0.jar;"/>
    <property name="sun.cpu.endian" value="little"/>
    <property name="user.home" value="C:\Users\chenx"/>
    <property name="user.language" value="zh"/>
    <property name="java.specification.vendor" value="Oracle Corporation"/>
    <property name="java.home" value="D:\tts9\tts9\jdk1.8.0_161\jre"/>
    <property name="basedir" value="D:\workspace\个人博客\myblog"/>
    <property name="file.separator" value="\"/>
    <property name="line.separator" value="&#10;"/>
    <property name="java.vm.specification.vendor" value="Oracle Corporation"/>
    <property name="java.specification.name" value="Java Platform API Specification"/>
    <property name="java.awt.graphicsenv" value="sun.awt.Win32GraphicsEnvironment"/>
    <property name="surefire.real.class.path" value="C:\Users\chenx\AppData\Local\Temp\surefire1585000399926964843\surefirebooter5982329034101744508.jar"/>
    <property name="sun.boot.class.path" value="D:\tts9\tts9\jdk1.8.0_161\jre\lib\resources.jar;D:\tts9\tts9\jdk1.8.0_161\jre\lib\rt.jar;D:\tts9\tts9\jdk1.8.0_161\jre\lib\sunrsasign.jar;D:\tts9\tts9\jdk1.8.0_161\jre\lib\jsse.jar;D:\tts9\tts9\jdk1.8.0_161\jre\lib\jce.jar;D:\tts9\tts9\jdk1.8.0_161\jre\lib\charsets.jar;D:\tts9\tts9\jdk1.8.0_161\jre\lib\jfr.jar;D:\tts9\tts9\jdk1.8.0_161\jre\classes"/>
    <property name="user.script" value=""/>
    <property name="sun.management.compiler" value="HotSpot 64-Bit Tiered Compilers"/>
    <property name="java.runtime.version" value="1.8.0_161-b12"/>
    <property name="user.name" value="chenxh"/>
    <property name="path.separator" value=";"/>
    <property name="os.version" value="10.0"/>
    <property name="java.endorsed.dirs" value="D:\tts9\tts9\jdk1.8.0_161\jre\lib\endorsed"/>
    <property name="java.runtime.name" value="Java(TM) SE Runtime Environment"/>
    <property name="file.encoding" value="GBK"/>
    <property name="java.vm.name" value="Java HotSpot(TM) 64-Bit Server VM"/>
    <property name="localRepository" value="D:\tts9\tts9\repository"/>
    <property name="java.vendor.url.bug" value="http://bugreport.sun.com/bugreport/"/>
    <property name="java.io.tmpdir" value="C:\Users\chenx\AppData\Local\Temp\"/>
    <property name="java.version" value="1.8.0_161"/>
    <property name="user.dir" value="D:\workspace\个人博客\myblog"/>
    <property name="os.arch" value="amd64"/>
    <property name="java.vm.specification.name" value="Java Virtual Machine Specification"/>
    <property name="java.awt.printerjob" value="sun.awt.windows.WPrinterJob"/>
    <property name="idea.version2019.1.2" value="true"/>
    <property name="sun.os.patch.level" value=""/>
    <property name="java.library.path" value="D:\tts9\tts9\jdk1.8.0_161\jre\bin;C:\WINDOWS\Sun\Java\bin;C:\WINDOWS\system32;C:\WINDOWS;D:\works\secureCRT\;D:\works\oracle\oracle\app\oracle\product\11.2.0\server\bin;C:\Windows\system32;C:\Windows;C:\Windows\System32\Wbem;C:\Windows\System32\WindowsPowerShell\v1.0\;C:\Windows\System32\OpenSSH\;C:\Program Files\Intel\WiFi\bin\;C:\Program Files\Common Files\Intel\WirelessCommon\;C:\Program Files (x86)\NVIDIA Corporation\PhysX\Common;C:\Program Files\NVIDIA Corporation\NVIDIA NvDLISR;C:\WINDOWS\system32;C:\WINDOWS;C:\WINDOWS\System32\Wbem;C:\WINDOWS\System32\WindowsPowerShell\v1.0\;C:\WINDOWS\System32\OpenSSH\;D:\tts9\tts9\jdk1.8.0_161\bin;D:\tts9\tts9\jdk1.8.0_161\jre\bin;D:\works\redies;D:\tts9\tts9\apache-maven\bin;D:\works\nodejs\;D:\works\git\Git\cmd;D:\tts9\tts9\gradle-4.3.1\bin;C:\Users\chenx\AppData\Local\Microsoft\WindowsApps;D:\works\vscode\Microsoft VS Code\bin;D:\works\nodejs\node_globa;;."/>
    <property name="java.vm.info" value="mixed mode"/>
    <property name="java.vendor" value="Oracle Corporation"/>
    <property name="java.vm.version" value="25.161-b12"/>
    <property name="java.ext.dirs" value="D:\tts9\tts9\jdk1.8.0_161\jre\lib\ext;C:\WINDOWS\Sun\Java\lib\ext"/>
    <property name="sun.io.unicode.encoding" value="UnicodeLittle"/>
    <property name="maven.repo.local" value="D:\tts9\tts9\repository"/>
    <property name="java.class.version" value="52.0"/>
  </properties>
  <testcase name="contextLoads" classname="com.wzh.MyblogApplicationTests" time="0.224"/>
</testsuite>